[2020-08-17 13:36:06]	Compilation failed at : "c:\Users\ThinkPad\Desktop\Product\project\src\main.c", Exit Code: 1
   在 ARM_Builder_V6.Program.Main(String[] args)

[2020-08-19 13:53:05]	Compilation failed at : "c:\Users\ThinkPad\OneDrive\文档\生产实习\Product\project\src\main.c", Exit Code: 2
   在 ARM_Builder_V6.Program.Main(String[] args)

[2020-08-19 13:58:23]	Compilation failed at : "c:\Users\ThinkPad\OneDrive\文档\生产实习\Product\project\src\main.c", Exit Code: 2
   在 ARM_Builder_V6.Program.Main(String[] args)

[2020-08-19 14:37:23]	Compilation failed at : "c:\Users\ThinkPad\OneDrive\文档\生产实习\Product\project\src\main.c", Exit Code: 2
   在 ARM_Builder_V6.Program.Main(String[] args)

[2020-08-19 16:21:02]	Compilation failed at : "c:\Users\ThinkPad\OneDrive\文档\生产实习\Product\project\src\main.c", Exit Code: 2
   在 ARM_Builder_V6.Program.Main(String[] args)

[2020-08-19 16:21:33]	Compilation failed at : "c:\Users\ThinkPad\OneDrive\文档\生产实习\Product\project\src\main.c", Exit Code: 2
   在 ARM_Builder_V6.Program.Main(String[] args)

[2020-08-19 16:22:13]	Link failed !, Exit Code: 2
   在 ARM_Builder_V6.Program.Main(String[] args)

[2020-08-19 16:41:34]	Compilation failed at : "c:\Users\ThinkPad\OneDrive\文档\生产实习\Product\project\src\main.c", Exit Code: 2
   在 ARM_Builder_V6.Program.Main(String[] args)

[2020-08-19 22:37:45]	Compilation failed at : "c:\Users\hcy67\OneDrive\文档\生产实习\Product\project\src\main.c", Exit Code: 2
   在 ARM_Builder_V6.Program.Main(String[] args)

[2020-08-19 22:43:47]	Compilation failed at : "c:\Users\hcy67\OneDrive\文档\生产实习\Product\project\src\main.c", Exit Code: 2
   在 ARM_Builder_V6.Program.Main(String[] args)

[2020-08-19 22:43:55]	Compilation failed at : "c:\Users\hcy67\OneDrive\文档\生产实习\Product\project\src\main.c", Exit Code: 2
   在 ARM_Builder_V6.Program.Main(String[] args)

[2020-08-20 10:53:48]	Compilation failed at : "c:\Users\ThinkPad\OneDrive\文档\生产实习\Product\project\src\main.c", Exit Code: 2
   在 ARM_Builder_V6.Program.Main(String[] args)

[2020-08-20 13:45:11]	Compilation failed at : "c:\Users\ThinkPad\OneDrive\文档\生产实习\Product\project\src\main.c", Exit Code: 2
   在 ARM_Builder_V6.Program.Main(String[] args)

[2020-08-20 16:20:39]	Compilation failed at : "c:\Users\ThinkPad\OneDrive\文档\生产实习\Product\project\src\main.c", Exit Code: 2
   在 ARM_Builder_V6.Program.Main(String[] args)

[2020-08-20 16:21:41]	Compilation failed at : "c:\Users\ThinkPad\OneDrive\文档\生产实习\Product\project\src\main.c", Exit Code: 2
   在 ARM_Builder_V6.Program.Main(String[] args)

[2020-08-20 16:21:57]	Compilation failed at : "c:\Users\ThinkPad\OneDrive\文档\生产实习\Product\project\src\main.c", Exit Code: 2
   在 ARM_Builder_V6.Program.Main(String[] args)

[2020-08-20 16:22:15]	Compilation failed at : "c:\Users\ThinkPad\OneDrive\文档\生产实习\Product\project\src\main.c", Exit Code: 2
   在 ARM_Builder_V6.Program.Main(String[] args)

[2020-08-20 16:23:30]	Compilation failed at : "c:\Users\ThinkPad\OneDrive\文档\生产实习\Product\project\src\main.c", Exit Code: 2
   在 ARM_Builder_V6.Program.Main(String[] args)

[2020-08-21 16:59:31]	Compilation failed at : "c:\Users\ThinkPad\OneDrive\文档\生产实习\Product\project\src\main.c", Exit Code: 2
   在 ARM_Builder_V6.Program.Main(String[] args)

[2020-08-21 17:00:27]	Compilation failed at : "c:\Users\ThinkPad\OneDrive\文档\生产实习\Product\project\src\main.c", Exit Code: 2
   在 ARM_Builder_V6.Program.Main(String[] args)

[2020-08-21 22:13:06]	Compilation failed at : "c:\Users\hcy67\OneDrive\文档\生产实习\Product\project\src\main.c", Exit Code: 2
   在 ARM_Builder_V6.Program.Main(String[] args)

[2020-08-21 22:13:44]	Compilation failed at : "c:\Users\hcy67\OneDrive\文档\生产实习\Product\project\src\main.c", Exit Code: 2
   在 ARM_Builder_V6.Program.Main(String[] args)

[2020-08-21 22:16:56]	Link failed !, Exit Code: 2
   在 ARM_Builder_V6.Program.Main(String[] args)

[2020-08-24 21:36:11]	compilation failed at : "c:\Users\hcy67\OneDrive\文档\生产实习\Product\8051-Ultrasonic-Distance-Measurement-System\src\main.c", exit code: 2
   在 ARM_Builder_V6.Program.Main(String[] args)

